<?xml version="1.0" encoding="UTF-8"?>
<!-- Generated by org.testng.reporters.JUnitReportReporter -->
<testsuite skipped="0" hostname="Nafa" name="com.vlocity.qe.WikipediaTest" tests="21" failures="0" timestamp="17 Oct 2019 22:29:34 GMT" time="11.363" errors="0">
  <testcase name="checkLanguage" time="0.080" classname="com.vlocity.qe.WikipediaTest"/>
  <testcase name="checkLink" time="0.797" classname="com.vlocity.qe.WikipediaTest"/>
  <testcase name="checkLanguage" time="0.071" classname="com.vlocity.qe.WikipediaTest"/>
  <testcase name="checkLanguage" time="0.125" classname="com.vlocity.qe.WikipediaTest"/>
  <testcase name="checkLink" time="0.755" classname="com.vlocity.qe.WikipediaTest"/>
  <testcase name="checkLanguage" time="0.073" classname="com.vlocity.qe.WikipediaTest"/>
  <testcase name="checkLink" time="1.055" classname="com.vlocity.qe.WikipediaTest"/>
  <testcase name="checkLink" time="0.984" classname="com.vlocity.qe.WikipediaTest"/>
  <testcase name="checkLanguage" time="0.070" classname="com.vlocity.qe.WikipediaTest"/>
  <testcase name="sloganPresent" time="0.062" classname="com.vlocity.qe.WikipediaTest"/>
  <testcase name="checkLanguage" time="0.064" classname="com.vlocity.qe.WikipediaTest"/>
  <testcase name="checkLink" time="1.141" classname="com.vlocity.qe.WikipediaTest"/>
  <testcase name="checkLanguage" time="0.062" classname="com.vlocity.qe.WikipediaTest"/>
  <testcase name="checkLink" time="0.804" classname="com.vlocity.qe.WikipediaTest"/>
  <testcase name="checkLink" time="1.041" classname="com.vlocity.qe.WikipediaTest"/>
  <testcase name="checkLink" time="1.030" classname="com.vlocity.qe.WikipediaTest"/>
  <testcase name="checkLanguage" time="0.073" classname="com.vlocity.qe.WikipediaTest"/>
  <testcase name="checkLanguage" time="0.076" classname="com.vlocity.qe.WikipediaTest"/>
  <testcase name="checkLink" time="2.164" classname="com.vlocity.qe.WikipediaTest"/>
  <testcase name="checkLink" time="0.773" classname="com.vlocity.qe.WikipediaTest"/>
  <testcase name="checkLanguage" time="0.063" classname="com.vlocity.qe.WikipediaTest"/>
</testsuite> <!-- com.vlocity.qe.WikipediaTest -->
